=====================================================
[START] 2025-08-11 03:37:59
[CMD] CUDA_VISIBLE_DEVICES=0 python train_embeddings.py --arch GAT --modality text --graph_file patient_graph/patient_graph_BioBERT_k10.pt --text_dir embeddings/BioBERT_embeddings/ --mel_dir mel_generation/ --label_csv patient/patient_labels.csv
Traceback (most recent call last):
  File "/home/sswee/bioaudio_project/graphaudio_old/train_embeddings.py", line 6, in <module>
    import numpy as np
ModuleNotFoundError: No module named 'numpy'
[END] 2025-08-11 03:37:59
[DURATION] 0s
[EXIT_CODE] 1
=====================================================
=====================================================
[START] 2025-08-11 03:44:06
[CMD] CUDA_VISIBLE_DEVICES=0 python train_embeddings.py --arch GAT --modality text --graph_file patient_graph/patient_graph_BioBERT_k10.pt --text_dir embeddings/BioBERT_embeddings/ --mel_dir mel_generation/ --label_csv patient/patient_labels.csv
Traceback (most recent call last):
  File "/home/sswee/bioaudio_project/graphaudio_old/train_embeddings.py", line 6, in <module>
    import numpy as np
ModuleNotFoundError: No module named 'numpy'
[END] 2025-08-11 03:44:06
[DURATION] 0s
[EXIT_CODE] 1
=====================================================
=====================================================
[START] 2025-08-11 03:49:19
[CMD] CUDA_VISIBLE_DEVICES=0 python train_embeddings.py --arch GAT --modality text --graph_file patient_graph/patient_graph_BioBERT_k10.pt --text_dir embeddings/BioBERT_embeddings/ --mel_dir mel_generation/ --label_csv patient/patient_labels.csv
Traceback (most recent call last):
  File "/home/sswee/bioaudio_project/graphaudio_old/train_embeddings.py", line 6, in <module>
    import numpy as np
ModuleNotFoundError: No module named 'numpy'
[END] 2025-08-11 03:49:19
[DURATION] 0s
[EXIT_CODE] 1
=====================================================
