=====================================================
[START] 2025-08-11 03:38:07
[CMD] CUDA_VISIBLE_DEVICES=0 python train_embeddings.py --arch GraphSAGE --modality both --graph_file patient_graph/patient_graph_mel_generation_mel_k5.pt --text_dir embeddings/BioBERT_embeddings/ --mel_dir mel_generation/ --label_csv patient/patient_labels.csv
Traceback (most recent call last):
  File "/home/sswee/bioaudio_project/graphaudio_old/train_embeddings.py", line 6, in <module>
    import numpy as np
ModuleNotFoundError: No module named 'numpy'
[END] 2025-08-11 03:38:07
[DURATION] 0s
[EXIT_CODE] 1
=====================================================
=====================================================
[START] 2025-08-11 03:44:14
[CMD] CUDA_VISIBLE_DEVICES=0 python train_embeddings.py --arch GraphSAGE --modality both --graph_file patient_graph/patient_graph_mel_generation_mel_k5.pt --text_dir embeddings/BioBERT_embeddings/ --mel_dir mel_generation/ --label_csv patient/patient_labels.csv
Traceback (most recent call last):
  File "/home/sswee/bioaudio_project/graphaudio_old/train_embeddings.py", line 6, in <module>
    import numpy as np
ModuleNotFoundError: No module named 'numpy'
[END] 2025-08-11 03:44:14
[DURATION] 0s
[EXIT_CODE] 1
=====================================================
=====================================================
[START] 2025-08-11 03:49:28
[CMD] CUDA_VISIBLE_DEVICES=0 python train_embeddings.py --arch GraphSAGE --modality both --graph_file patient_graph/patient_graph_mel_generation_mel_k5.pt --text_dir embeddings/BioBERT_embeddings/ --mel_dir mel_generation/ --label_csv patient/patient_labels.csv
Traceback (most recent call last):
  File "/home/sswee/bioaudio_project/graphaudio_old/train_embeddings.py", line 6, in <module>
    import numpy as np
ModuleNotFoundError: No module named 'numpy'
[END] 2025-08-11 03:49:28
[DURATION] 0s
[EXIT_CODE] 1
=====================================================
